<?xml version="1.0" encoding="UTF-8"?>
<!-- Generated by org.testng.reporters.JUnitXMLReporter -->
<testsuite ignored="0" hostname="Zeus" failures="0" tests="2" name="Facebook Login Positive Case" time="0.002" errors="0" timestamp="2023-10-16T08:04:12 IST">
  <testcase classname="org.example.TESTNG.FaceBookLogin" name="loginWithInValidCred" time="0.0"/>
  <testcase classname="org.example.TESTNG.FaceBookLogin" name="loginWithValidCred" time="0.0"/>
</testsuite> <!-- Facebook Login Positive Case -->
