<?xml version="1.0" encoding="UTF-8"?>
<!-- Generated by org.testng.reporters.JUnitXMLReporter -->
<testsuite ignored="1" hostname="Zeus" failures="0" tests="2" name="Facebook Profile Positive Case" time="0.004" errors="0" timestamp="2023-10-16T08:04:12 IST">
  <testcase classname="org.example.TESTNG.FaceBookProfileTest" name="checkProfileLink" time="0.0"/>
  <testcase classname="org.example.TESTNG.FaceBookProfileTest" name="checkProfileLink1" time="0.0">
    <skipped/>
  </testcase> <!-- checkProfileLink1 -->
  <testcase classname="org.example.TESTNG.FaceBookProfileTest" name="checkProfilePictures" time="0.0">
    <ignored/>
  </testcase> <!-- checkProfilePictures -->
</testsuite> <!-- Facebook Profile Positive Case -->
