<?xml version="1.0" encoding="UTF-8"?>
<!-- Generated by org.testng.reporters.JUnitXMLReporter -->
<testsuite ignored="1" hostname="Zeus" failures="0" tests="13" name="Facebook Package Positive Case" time="0.014" errors="0" timestamp="2023-10-16T08:04:12 IST">
  <testcase classname="org.example.TESTNG.DataProviderTest" name="calculate" time="0.002"/>
  <testcase classname="org.example.TESTNG.DataProviderTest" name="calculate" time="0.001"/>
  <testcase classname="org.example.TESTNG.DataProviderTest" name="calculate" time="0.0"/>
  <testcase classname="org.example.TESTNG.FaceBookLogin" name="loginWithInValidCred" time="0.0"/>
  <testcase classname="org.example.TESTNG.FaceBookLogin" name="loginWithValidCred" time="0.0"/>
  <testcase classname="org.example.TESTNG.FaceBookProfileTest" name="checkProfileLink" time="0.0"/>
  <testcase classname="org.example.TESTNG.FaceBookProfileTest" name="checkProfileLink1" time="0.001">
    <skipped/>
  </testcase> <!-- checkProfileLink1 -->
  <testcase classname="org.example.TESTNG.ParameterTestClass" name="browserDetails" time="0.0"/>
  <testcase classname="org.example.TESTNG.ParameterTestClass" name="userDetails" time="0.0"/>
  <testcase classname="org.example.TESTNG.PriorityTestCase" name="testMethod4" time="0.0"/>
  <testcase classname="org.example.TESTNG.PriorityTestCase" name="testMethod2" time="0.0"/>
  <testcase classname="org.example.TESTNG.PriorityTestCase" name="testMethod3" time="0.0"/>
  <testcase classname="org.example.TESTNG.PriorityTestCase" name="testMethod1" time="0.0"/>
  <testcase classname="org.example.TESTNG.FaceBookProfileTest" name="checkProfilePictures" time="0.0">
    <ignored/>
  </testcase> <!-- checkProfilePictures -->
</testsuite> <!-- Facebook Package Positive Case -->
